<?xml version="1.0" encoding="UTF-8"?>
<!-- Generated by org.testng.reporters.JUnitReportReporter -->
<testsuite skipped="0" hostname="DSURYAKU" name="com.casestudy2.beans.ParameterizationDataproviderTestDB" tests="2" failures="0" timestamp="2020-07-21T12:10:16 IST" time="0.049" errors="0">
  <testcase name="myTest" time="0.046" classname="com.casestudy2.beans.ParameterizationDataproviderTestDB"/>
  <system-out/>
  <testcase name="myTest" time="0.003" classname="com.casestudy2.beans.ParameterizationDataproviderTestDB"/>
  <system-out/>
</testsuite> <!-- com.casestudy2.beans.ParameterizationDataproviderTestDB -->
