<?xml version="1.0" encoding="UTF-8"?>
<!-- Generated by org.testng.reporters.JUnitReportReporter -->
<testsuite skipped="1" hostname="DSURYAKU" name="com.casestudy2.steps.RegistrationStep" tests="2" failures="0" timestamp="2020-07-28T20:14:35 IST" time="0.558" errors="0">
  <testcase name="user_enters_mandatory_details" time="0.000" classname="com.casestudy2.steps.RegistrationStep">
    <skipped/>
  </testcase> <!-- user_enters_mandatory_details -->
  <system-out/>
  <testcase name="the_website_is_loaded" time="0.558" classname="com.casestudy2.steps.RegistrationStep"/>
  <system-out/>
</testsuite> <!-- com.casestudy2.steps.RegistrationStep -->
