<?xml version="1.0" encoding="UTF-8"?>
<!-- Generated by org.testng.reporters.JUnitReportReporter -->
<testsuite skipped="0" hostname="DSURYAKU" name="com.casestudy2.testRunner.TestRunner" tests="1" failures="0" timestamp="2020-08-15T22:59:13 IST" time="67.717" errors="0">
  <testcase name="feature" time="67.717" classname="com.casestudy2.testRunner.TestRunner"/>
  <system-out/>
</testsuite> <!-- com.casestudy2.testRunner.TestRunner -->
