<?xml version="1.0" encoding="UTF-8"?>
<!-- Generated by org.testng.reporters.JUnitReportReporter -->
<testsuite skipped="0" hostname="DSURYAKU" name="com.casestudy2.db.ParameterizationDataproviderTestDB" tests="2" failures="0" timestamp="2020-07-20T14:38:36 IST" time="0.014" errors="0">
  <testcase name="myTest" time="0.011" classname="com.casestudy2.db.ParameterizationDataproviderTestDB"/>
  <system-out/>
  <testcase name="myTest" time="0.003" classname="com.casestudy2.db.ParameterizationDataproviderTestDB"/>
  <system-out/>
</testsuite> <!-- com.casestudy2.db.ParameterizationDataproviderTestDB -->
